[debug] [2019-08-21T14:51:04.478Z] ----------------------------------------------------------------------
[debug] [2019-08-21T14:51:04.485Z] Command:       /home/jundi/.nvm/versions/node/v12.6.0/bin/node /home/jundi/.nvm/versions/node/v12.6.0/bin/firebase deploy
[debug] [2019-08-21T14:51:04.485Z] CLI Version:   7.2.2
[debug] [2019-08-21T14:51:04.486Z] Platform:      linux
[debug] [2019-08-21T14:51:04.486Z] Node Version:  v12.6.0
[debug] [2019-08-21T14:51:04.487Z] Time:          Wed Aug 21 2019 16:51:04 GMT+0200 (Central European Summer Time)
[debug] [2019-08-21T14:51:04.487Z] ----------------------------------------------------------------------
[debug] 
[debug] [2019-08-21T14:51:04.534Z] > command requires scopes: ["email","openid","https://www.googleapis.com/auth/cloudplatformprojects.readonly","https://www.googleapis.com/auth/firebase","https://www.googleapis.com/auth/cloud-platform"]
[debug] [2019-08-21T14:51:04.534Z] > authorizing via signed-in user
[debug] [2019-08-21T14:51:04.535Z] [iam] checking project meraki-app-63dd5 for permissions ["firebase.projects.get","firebasehosting.sites.update"]
[debug] [2019-08-21T14:51:04.538Z] > refreshing access token with scopes: ["email","https://www.googleapis.com/auth/cloud-platform","https://www.googleapis.com/auth/cloudplatformprojects.readonly","https://www.googleapis.com/auth/firebase","openid"]
[debug] [2019-08-21T14:51:04.538Z] >>> HTTP REQUEST POST https://www.googleapis.com/oauth2/v3/token  
 <request body omitted>
[debug] [2019-08-21T14:51:04.746Z] <<< HTTP RESPONSE 200
[debug] [2019-08-21T14:51:04.906Z] >>> HTTP REQUEST POST https://cloudresourcemanager.googleapis.com/v1/projects/meraki-app-63dd5:testIamPermissions  

[debug] [2019-08-21T14:51:05.836Z] <<< HTTP RESPONSE 200
[debug] [2019-08-21T14:51:05.843Z] >>> HTTP REQUEST GET https://firebase.googleapis.com/v1beta1/projects/meraki-app-63dd5  
 
[debug] [2019-08-21T14:51:06.069Z] <<< HTTP RESPONSE 200
[info] 
[info] === Deploying to 'meraki-app-63dd5'...
[info] 
[info] i  deploying hosting
[debug] [2019-08-21T14:51:06.080Z] >>> HTTP REQUEST POST https://firebasehosting.googleapis.com/v1beta1/sites/meraki-app-63dd5/versions  

[debug] [2019-08-21T14:51:07.067Z] <<< HTTP RESPONSE 500
[debug] [2019-08-21T14:51:07.068Z] <<< HTTP RESPONSE BODY
[error] 
[error] Error: HTTP Error: 500, Internal error encountered.
[debug] [2019-08-21T14:51:07.223Z] Error Context: {
  "body": {
    "error": {
      "code": 500,
      "message": "Internal error encountered.",
      "status": "INTERNAL"
    }
  },
  "response": {
    "statusCode": 500,
    "body": {
      "error": {
        "code": 500,
        "message": "Internal error encountered.",
        "status": "INTERNAL"
      }
    },
    "headers": {
      "vary": "X-Origin, Referer, Origin,Accept-Encoding",
      "content-type": "application/json; charset=UTF-8",
      "date": "Wed, 21 Aug 2019 14:51:06 GMT",
      "server": "ESF",
      "cache-control": "private",
      "x-xss-protection": "0",
      "x-frame-options": "SAMEORIGIN",
      "x-content-type-options": "nosniff",
      "alt-svc": "quic=\":443\"; ma=2592000; v=\"46,43,39\"",
      "accept-ranges": "none",
      "transfer-encoding": "chunked"
    },
    "request": {
      "uri": {
        "protocol": "https:",
        "slashes": true,
        "auth": null,
        "host": "firebasehosting.googleapis.com",
        "port": 443,
        "hostname": "firebasehosting.googleapis.com",
        "hash": null,
        "search": null,
        "query": null,
        "pathname": "/v1beta1/sites/meraki-app-63dd5/versions",
        "path": "/v1beta1/sites/meraki-app-63dd5/versions",
        "href": "https://firebasehosting.googleapis.com/v1beta1/sites/meraki-app-63dd5/versions"
      },
      "method": "POST"
    }
  }
}
[debug] [2019-08-21T14:51:49.108Z] ----------------------------------------------------------------------
[debug] [2019-08-21T14:51:49.110Z] Command:       /home/jundi/.nvm/versions/node/v12.6.0/bin/node /home/jundi/.nvm/versions/node/v12.6.0/bin/firebase deploy
[debug] [2019-08-21T14:51:49.110Z] CLI Version:   7.2.2
[debug] [2019-08-21T14:51:49.110Z] Platform:      linux
[debug] [2019-08-21T14:51:49.110Z] Node Version:  v12.6.0
[debug] [2019-08-21T14:51:49.110Z] Time:          Wed Aug 21 2019 16:51:49 GMT+0200 (Central European Summer Time)
[debug] [2019-08-21T14:51:49.110Z] ----------------------------------------------------------------------
[debug] 
[debug] [2019-08-21T14:51:49.114Z] > command requires scopes: ["email","openid","https://www.googleapis.com/auth/cloudplatformprojects.readonly","https://www.googleapis.com/auth/firebase","https://www.googleapis.com/auth/cloud-platform"]
[debug] [2019-08-21T14:51:49.114Z] > authorizing via signed-in user
[debug] [2019-08-21T14:51:49.114Z] [iam] checking project meraki-app-63dd5 for permissions ["firebase.projects.get","firebasehosting.sites.update"]
[debug] [2019-08-21T14:51:49.115Z] >>> HTTP REQUEST POST https://cloudresourcemanager.googleapis.com/v1/projects/meraki-app-63dd5:testIamPermissions  

[debug] [2019-08-21T14:54:00.245Z] Error: connect ETIMEDOUT 172.217.168.170:443
    at TCPConnectWrap.afterConnect [as oncomplete] (net.js:1056:14)
[error] 
[error] Error: Server Error. connect ETIMEDOUT 172.217.168.170:443
[debug] [2019-08-21T14:55:48.805Z] ----------------------------------------------------------------------
[debug] [2019-08-21T14:55:48.807Z] Command:       /home/jundi/.nvm/versions/node/v12.6.0/bin/node /home/jundi/.nvm/versions/node/v12.6.0/bin/firebase deploy
[debug] [2019-08-21T14:55:48.807Z] CLI Version:   7.2.2
[debug] [2019-08-21T14:55:48.807Z] Platform:      linux
[debug] [2019-08-21T14:55:48.807Z] Node Version:  v12.6.0
[debug] [2019-08-21T14:55:48.807Z] Time:          Wed Aug 21 2019 16:55:48 GMT+0200 (Central European Summer Time)
[debug] [2019-08-21T14:55:48.807Z] ----------------------------------------------------------------------
[debug] 
[debug] [2019-08-21T14:55:48.811Z] > command requires scopes: ["email","openid","https://www.googleapis.com/auth/cloudplatformprojects.readonly","https://www.googleapis.com/auth/firebase","https://www.googleapis.com/auth/cloud-platform"]
[debug] [2019-08-21T14:55:48.811Z] > authorizing via signed-in user
[debug] [2019-08-21T14:55:48.811Z] [iam] checking project meraki-app-63dd5 for permissions ["firebase.projects.get","firebasehosting.sites.update"]
[debug] [2019-08-21T14:55:48.812Z] >>> HTTP REQUEST POST https://cloudresourcemanager.googleapis.com/v1/projects/meraki-app-63dd5:testIamPermissions  

[debug] [2019-08-21T14:55:49.720Z] <<< HTTP RESPONSE 200
[debug] [2019-08-21T14:55:49.722Z] >>> HTTP REQUEST GET https://firebase.googleapis.com/v1beta1/projects/meraki-app-63dd5  
 
[debug] [2019-08-21T14:55:50.098Z] <<< HTTP RESPONSE 200
[info] 
[info] === Deploying to 'meraki-app-63dd5'...
[info] 
[info] i  deploying hosting
[debug] [2019-08-21T14:55:50.107Z] >>> HTTP REQUEST POST https://firebasehosting.googleapis.com/v1beta1/sites/meraki-app-63dd5/versions  

[debug] [2019-08-21T14:55:51.120Z] <<< HTTP RESPONSE 500
[debug] [2019-08-21T14:55:51.120Z] <<< HTTP RESPONSE BODY
[error] 
[error] Error: HTTP Error: 500, Internal error encountered.
[debug] [2019-08-21T14:55:51.232Z] Error Context: {
  "body": {
    "error": {
      "code": 500,
      "message": "Internal error encountered.",
      "status": "INTERNAL"
    }
  },
  "response": {
    "statusCode": 500,
    "body": {
      "error": {
        "code": 500,
        "message": "Internal error encountered.",
        "status": "INTERNAL"
      }
    },
    "headers": {
      "vary": "X-Origin, Referer, Origin,Accept-Encoding",
      "content-type": "application/json; charset=UTF-8",
      "date": "Wed, 21 Aug 2019 14:55:50 GMT",
      "server": "ESF",
      "cache-control": "private",
      "x-xss-protection": "0",
      "x-frame-options": "SAMEORIGIN",
      "x-content-type-options": "nosniff",
      "alt-svc": "quic=\":443\"; ma=2592000; v=\"46,43,39\"",
      "accept-ranges": "none",
      "transfer-encoding": "chunked"
    },
    "request": {
      "uri": {
        "protocol": "https:",
        "slashes": true,
        "auth": null,
        "host": "firebasehosting.googleapis.com",
        "port": 443,
        "hostname": "firebasehosting.googleapis.com",
        "hash": null,
        "search": null,
        "query": null,
        "pathname": "/v1beta1/sites/meraki-app-63dd5/versions",
        "path": "/v1beta1/sites/meraki-app-63dd5/versions",
        "href": "https://firebasehosting.googleapis.com/v1beta1/sites/meraki-app-63dd5/versions"
      },
      "method": "POST"
    }
  }
}
